g++: error: unit_test.cpp: No such file or directory
g++: fatal error: no input files
compilation terminated.
